生成启动时间为 2019/1/11 10:54:54。
     1>项目“D:\vs程序\课设\课设\课设\课设.vcxproj”在节点 2 上(Build 个目标)。
     1>ClCompile:
         C:\Program Files (x86)\Microsoft Visual Studio 11.0\VC\bin\CL.exe /c /ZI /nologo /W3 /WX- /Od /Oy- /D WIN32 /D _DEBUG /D _CONSOLE /D _UNICODE /D UNICODE /Gm /EHsc /RTC1 /MDd /GS /fp:precise /Zc:wchar_t /Zc:forScope /Fo"Debug\\" /Fd"Debug\vc110.pdb" /Gd /TP /analyze- /errorReport:prompt Kruskal.cpp Mgraph.cpp Prim.cpp main.cpp
         Kruskal.cpp
         正在生成代码...
         正在编译...
         main.cpp
     1>d:\vs程序\课设\课设\课设\mgraph.cpp(44): warning C4996: 'scanf': This function or variable may be unsafe. Consider using scanf_s instead. To disable deprecation, use _CRT_SECURE_NO_WARNINGS. See online help for details.
                 c:\program files (x86)\microsoft visual studio 11.0\vc\include\stdio.h(290) : 参见“scanf”的声明
     1>d:\vs程序\课设\课设\课设\mgraph.cpp(147): warning C4996: 'scanf': This function or variable may be unsafe. Consider using scanf_s instead. To disable deprecation, use _CRT_SECURE_NO_WARNINGS. See online help for details.
                 c:\program files (x86)\microsoft visual studio 11.0\vc\include\stdio.h(290) : 参见“scanf”的声明
     1>d:\vs程序\课设\课设\课设\prim.cpp(24): warning C4101: “Save”: 未引用的局部变量
     1>d:\vs程序\课设\课设\课设\main.cpp(15): warning C4996: 'scanf': This function or variable may be unsafe. Consider using scanf_s instead. To disable deprecation, use _CRT_SECURE_NO_WARNINGS. See online help for details.
                 c:\program files (x86)\microsoft visual studio 11.0\vc\include\stdio.h(290) : 参见“scanf”的声明
         Prim.cpp
     1>d:\vs程序\课设\课设\课设\prim.cpp(24): warning C4101: “Save”: 未引用的局部变量
         Mgraph.cpp
     1>d:\vs程序\课设\课设\课设\mgraph.cpp(44): warning C4996: 'scanf': This function or variable may be unsafe. Consider using scanf_s instead. To disable deprecation, use _CRT_SECURE_NO_WARNINGS. See online help for details.
                 c:\program files (x86)\microsoft visual studio 11.0\vc\include\stdio.h(290) : 参见“scanf”的声明
     1>d:\vs程序\课设\课设\课设\mgraph.cpp(147): warning C4996: 'scanf': This function or variable may be unsafe. Consider using scanf_s instead. To disable deprecation, use _CRT_SECURE_NO_WARNINGS. See online help for details.
                 c:\program files (x86)\microsoft visual studio 11.0\vc\include\stdio.h(290) : 参见“scanf”的声明
         正在生成代码...
       Link:
         C:\Program Files (x86)\Microsoft Visual Studio 11.0\VC\bin\link.exe /ERRORREPORT:PROMPT /OUT:"D:\vs程序\课设\课设\Debug\课设.exe" /INCREMENTAL /NOLOGO kernel32.lib user32.lib gdi32.lib winspool.lib comdlg32.lib advapi32.lib shell32.lib ole32.lib oleaut32.lib uuid.lib odbc32.lib odbccp32.lib /MANIFEST /MANIFESTUAC:"level='asInvoker' uiAccess='false'" /manifest:embed /DEBUG /PDB:"D:\vs程序\课设\课设\Debug\课设.pdb" /SUBSYSTEM:CONSOLE /TLBID:1 /DYNAMICBASE /NXCOMPAT /IMPLIB:"D:\vs程序\课设\课设\Debug\课设.lib" /MACHINE:X86 Debug\Kruskal.obj
         Debug\main.obj
         Debug\Mgraph.obj
         Debug\Prim.obj
         课设.vcxproj -> D:\vs程序\课设\课设\Debug\课设.exe
     1>已完成生成项目“D:\vs程序\课设\课设\课设\课设.vcxproj”(Build 个目标)的操作。

生成成功。

已用时间 00:00:05.29
